d:\test\bin\addressbook.lib
d:\test\bin\addressbook.exp
d:\test\addressbook\debug\vc120.pdb
d:\test\addressbook\debug\vc120.idb
d:\test\addressbook\debug\addressbookwindow.obj
d:\test\addressbook\debug\uicrack.obj
d:\test\addressbook\debug\uimenu.obj
d:\test\addressbook\debug\addressbookmodel.obj
d:\test\addressbook\debug\database.obj
d:\test\addressbook\debug\util.obj
d:\test\addressbook\debug\source.obj
d:\test\addressbook\debug\sqlite3.obj
d:\test\bin\addressbook.ilk
d:\test\bin\addressbook.exe
d:\test\bin\addressbook.pdb
d:\test\addressbook\debug\addressbook.res
d:\test\addressbook\debug\addressbook.tlog\addressbook.write.1u.tlog
d:\test\addressbook\debug\addressbook.tlog\cl.command.1.tlog
d:\test\addressbook\debug\addressbook.tlog\cl.read.1.tlog
d:\test\addressbook\debug\addressbook.tlog\cl.write.1.tlog
d:\test\addressbook\debug\addressbook.tlog\link.command.1.tlog
d:\test\addressbook\debug\addressbook.tlog\link.read.1.tlog
d:\test\addressbook\debug\addressbook.tlog\link.write.1.tlog
d:\test\addressbook\debug\addressbook.tlog\rc.command.1.tlog
d:\test\addressbook\debug\addressbook.tlog\rc.read.1.tlog
d:\test\addressbook\debug\addressbook.tlog\rc.write.1.tlog
